[debug] [2025-07-02T13:01:09.429Z] ----------------------------------------------------------------------
[debug] [2025-07-02T13:01:09.431Z] Command:       /nix/store/rbdrkcs5kkwpalxcd7c6bnm33lk2955n-nodejs-20.19.0/bin/node /home/user/.global_modules/bin/firebase emulators:start
[debug] [2025-07-02T13:01:09.431Z] CLI Version:   14.2.0
[debug] [2025-07-02T13:01:09.431Z] Platform:      linux
[debug] [2025-07-02T13:01:09.431Z] Node Version:  v20.19.0
[debug] [2025-07-02T13:01:09.431Z] Time:          Wed Jul 02 2025 13:01:09 GMT+0000 (Coordinated Universal Time)
[debug] [2025-07-02T13:01:09.432Z] ----------------------------------------------------------------------
[debug] 
[debug] [2025-07-02T13:01:09.435Z] >>> [apiv2][query] GET https://firebase-public.firebaseio.com/cli.json [none]
[debug] [2025-07-02T13:01:09.642Z] Object "" in "firebase.json" has unknown property: {"additionalProperty":"flutter"}
[debug] [2025-07-02T13:01:09.646Z] > command requires scopes: ["email","openid","https://www.googleapis.com/auth/cloudplatformprojects.readonly","https://www.googleapis.com/auth/firebase","https://www.googleapis.com/auth/cloud-platform"]
[debug] [2025-07-02T13:01:09.646Z] > authorizing via signed-in user (lukaszw03@gmail.com)
[info] i  emulators: Starting emulators: functions, extensions {"metadata":{"emulator":{"name":"hub"},"message":"Starting emulators: functions, extensions"}}
[debug] [2025-07-02T13:01:09.649Z] Checked if tokens are valid: false, expires at: 1751027888050
[debug] [2025-07-02T13:01:09.650Z] Checked if tokens are valid: false, expires at: 1751027888050
[debug] [2025-07-02T13:01:09.650Z] > refreshing access token with scopes: []
[debug] [2025-07-02T13:01:09.651Z] >>> [apiv2][query] POST https://www.googleapis.com/oauth2/v3/token [none]
[debug] [2025-07-02T13:01:09.651Z] >>> [apiv2][body] POST https://www.googleapis.com/oauth2/v3/token [omitted]
[debug] [2025-07-02T13:01:09.704Z] <<< [apiv2][status] POST https://www.googleapis.com/oauth2/v3/token 200
[debug] [2025-07-02T13:01:09.705Z] <<< [apiv2][body] POST https://www.googleapis.com/oauth2/v3/token [omitted]
[debug] [2025-07-02T13:01:09.712Z] >>> [apiv2][query] GET https://cloudresourcemanager.googleapis.com/v1/projects/jafaapp-84a1d [none]
[debug] [2025-07-02T13:01:09.884Z] <<< [apiv2][status] GET https://firebase-public.firebaseio.com/cli.json 200
[debug] [2025-07-02T13:01:09.884Z] <<< [apiv2][body] GET https://firebase-public.firebaseio.com/cli.json {"cloudBuildErrorAfter":1594252800000,"cloudBuildWarnAfter":1590019200000,"defaultNode10After":1594252800000,"minVersion":"3.0.5","node8DeploysDisabledAfter":1613390400000,"node8RuntimeDisabledAfter":1615809600000,"node8WarnAfter":1600128000000}
[debug] [2025-07-02T13:01:10.392Z] <<< [apiv2][status] GET https://cloudresourcemanager.googleapis.com/v1/projects/jafaapp-84a1d 200
[debug] [2025-07-02T13:01:10.392Z] <<< [apiv2][body] GET https://cloudresourcemanager.googleapis.com/v1/projects/jafaapp-84a1d {"projectNumber":"117312699711","projectId":"jafaapp-84a1d","lifecycleState":"ACTIVE","name":"JafaApp","labels":{"firebase":"enabled","firebase-core":"disabled"},"createTime":"2025-04-17T12:54:39.772181Z"}
[warn] ⚠  hub: Error when trying to check port 4400 on ::1: Error: listen EADDRNOTAVAIL: address not available ::1:4400 {"metadata":{"emulator":{"name":"hub"},"message":"Error when trying to check port 4400 on ::1: Error: listen EADDRNOTAVAIL: address not available ::1:4400"}}
[warn] ⚠  hub: Port 4400 is available on 127.0.0.1 but not ::1. This may cause issues with some clients. {"metadata":{"emulator":{"name":"hub"},"message":"Port 4400 is available on 127.0.0.1 but not ::1. This may cause issues with some clients."}}
[warn] ⚠  hub: If you encounter connectivity issues, consider switching to a different port or explicitly specifying "host": "<ip address>" instead of hostname in firebase.json {"metadata":{"emulator":{"name":"hub"},"message":"If you encounter connectivity issues, consider switching to a different port or explicitly specifying \u001b[33m\"host\": \"<ip address>\"\u001b[39m instead of hostname in firebase.json"}}
[warn] ⚠  ui: Error when trying to check port 4000 on ::1: Error: listen EADDRNOTAVAIL: address not available ::1:4000 {"metadata":{"emulator":{"name":"ui"},"message":"Error when trying to check port 4000 on ::1: Error: listen EADDRNOTAVAIL: address not available ::1:4000"}}
[warn] ⚠  ui: Port 4000 is available on 127.0.0.1 but not ::1. This may cause issues with some clients. {"metadata":{"emulator":{"name":"ui"},"message":"Port 4000 is available on 127.0.0.1 but not ::1. This may cause issues with some clients."}}
[warn] ⚠  ui: If you encounter connectivity issues, consider switching to a different port or explicitly specifying "host": "<ip address>" instead of hostname in firebase.json {"metadata":{"emulator":{"name":"ui"},"message":"If you encounter connectivity issues, consider switching to a different port or explicitly specifying \u001b[33m\"host\": \"<ip address>\"\u001b[39m instead of hostname in firebase.json"}}
[warn] ⚠  logging: Error when trying to check port 4500 on ::1: Error: listen EADDRNOTAVAIL: address not available ::1:4500 {"metadata":{"emulator":{"name":"logging"},"message":"Error when trying to check port 4500 on ::1: Error: listen EADDRNOTAVAIL: address not available ::1:4500"}}
[warn] ⚠  logging: Port 4500 is available on 127.0.0.1 but not ::1. This may cause issues with some clients. {"metadata":{"emulator":{"name":"logging"},"message":"Port 4500 is available on 127.0.0.1 but not ::1. This may cause issues with some clients."}}
[warn] ⚠  logging: If you encounter connectivity issues, consider switching to a different port or explicitly specifying "host": "<ip address>" instead of hostname in firebase.json {"metadata":{"emulator":{"name":"logging"},"message":"If you encounter connectivity issues, consider switching to a different port or explicitly specifying \u001b[33m\"host\": \"<ip address>\"\u001b[39m instead of hostname in firebase.json"}}
[debug] [2025-07-02T13:01:10.400Z] assigned listening specs for emulators {"user":{"hub":[{"address":"127.0.0.1","family":"IPv4","port":4400}],"ui":[{"address":"127.0.0.1","family":"IPv4","port":4000}],"logging":[{"address":"127.0.0.1","family":"IPv4","port":4500}]},"metadata":{"message":"assigned listening specs for emulators"}}
[debug] [2025-07-02T13:01:10.404Z] [hub] writing locator at /tmp/hub-jafaapp-84a1d.json
[debug] [2025-07-02T13:01:10.413Z] [Extensions] Started Extensions emulator, this is a noop.
[warn] ⚠  functions: Error when trying to check port 5001 on ::1: Error: listen EADDRNOTAVAIL: address not available ::1:5001 {"metadata":{"emulator":{"name":"functions"},"message":"Error when trying to check port 5001 on ::1: Error: listen EADDRNOTAVAIL: address not available ::1:5001"}}
[warn] ⚠  functions: Port 5001 is available on 127.0.0.1 but not ::1. This may cause issues with some clients. {"metadata":{"emulator":{"name":"functions"},"message":"Port 5001 is available on 127.0.0.1 but not ::1. This may cause issues with some clients."}}
[warn] ⚠  functions: If you encounter connectivity issues, consider switching to a different port or explicitly specifying "host": "<ip address>" instead of hostname in firebase.json {"metadata":{"emulator":{"name":"functions"},"message":"If you encounter connectivity issues, consider switching to a different port or explicitly specifying \u001b[33m\"host\": \"<ip address>\"\u001b[39m instead of hostname in firebase.json"}}
[warn] ⚠  eventarc: Error when trying to check port 9299 on ::1: Error: listen EADDRNOTAVAIL: address not available ::1:9299 {"metadata":{"emulator":{"name":"eventarc"},"message":"Error when trying to check port 9299 on ::1: Error: listen EADDRNOTAVAIL: address not available ::1:9299"}}
[warn] ⚠  eventarc: Port 9299 is available on 127.0.0.1 but not ::1. This may cause issues with some clients. {"metadata":{"emulator":{"name":"eventarc"},"message":"Port 9299 is available on 127.0.0.1 but not ::1. This may cause issues with some clients."}}
[warn] ⚠  eventarc: If you encounter connectivity issues, consider switching to a different port or explicitly specifying "host": "<ip address>" instead of hostname in firebase.json {"metadata":{"emulator":{"name":"eventarc"},"message":"If you encounter connectivity issues, consider switching to a different port or explicitly specifying \u001b[33m\"host\": \"<ip address>\"\u001b[39m instead of hostname in firebase.json"}}
[warn] ⚠  tasks: Error when trying to check port 9499 on ::1: Error: listen EADDRNOTAVAIL: address not available ::1:9499 {"metadata":{"emulator":{"name":"tasks"},"message":"Error when trying to check port 9499 on ::1: Error: listen EADDRNOTAVAIL: address not available ::1:9499"}}
[warn] ⚠  tasks: Port 9499 is available on 127.0.0.1 but not ::1. This may cause issues with some clients. {"metadata":{"emulator":{"name":"tasks"},"message":"Port 9499 is available on 127.0.0.1 but not ::1. This may cause issues with some clients."}}
[warn] ⚠  tasks: If you encounter connectivity issues, consider switching to a different port or explicitly specifying "host": "<ip address>" instead of hostname in firebase.json {"metadata":{"emulator":{"name":"tasks"},"message":"If you encounter connectivity issues, consider switching to a different port or explicitly specifying \u001b[33m\"host\": \"<ip address>\"\u001b[39m instead of hostname in firebase.json"}}
[debug] [2025-07-02T13:01:10.415Z] late-assigned ports for functions and eventarc emulators {"user":{"hub":[{"address":"127.0.0.1","family":"IPv4","port":4400}],"ui":[{"address":"127.0.0.1","family":"IPv4","port":4000}],"logging":[{"address":"127.0.0.1","family":"IPv4","port":4500}],"functions":[{"address":"127.0.0.1","family":"IPv4","port":5001}],"eventarc":[{"address":"127.0.0.1","family":"IPv4","port":9299}],"tasks":[{"address":"127.0.0.1","family":"IPv4","port":9499}]},"metadata":{"message":"late-assigned ports for functions and eventarc emulators"}}
[warn] ⚠  functions: The following emulators are not running, calls to these services from the Functions emulator will affect production: apphosting, auth, firestore, database, hosting, pubsub, storage, dataconnect {"metadata":{"emulator":{"name":"functions"},"message":"The following emulators are not running, calls to these services from the Functions emulator will affect production: \u001b[1mapphosting, auth, firestore, database, hosting, pubsub, storage, dataconnect\u001b[22m"}}
[warn] ⚠  functions: Application Default Credentials detected. Non-emulated services will access production using these credentials. Be careful! {"metadata":{"emulator":{"name":"functions"},"message":"Application Default Credentials detected. Non-emulated services will access production using these credentials. Be careful!"}}
[debug] [2025-07-02T13:01:33.154Z] Checked if tokens are valid: true, expires at: 1751464868705
[debug] [2025-07-02T13:01:33.154Z] Checked if tokens are valid: true, expires at: 1751464868705
[debug] [2025-07-02T13:01:33.154Z] >>> [apiv2][query] GET https://firebase.googleapis.com/v1beta1/projects/jafaapp-84a1d/adminSdkConfig [none]
[debug] [2025-07-02T13:01:33.785Z] <<< [apiv2][status] GET https://firebase.googleapis.com/v1beta1/projects/jafaapp-84a1d/adminSdkConfig 200
[debug] [2025-07-02T13:01:33.785Z] <<< [apiv2][body] GET https://firebase.googleapis.com/v1beta1/projects/jafaapp-84a1d/adminSdkConfig {"projectId":"jafaapp-84a1d","storageBucket":"jafaapp-84a1d.firebasestorage.app"}
[info] i  ui: downloading ui-v1.14.0.zip... {"metadata":{"emulator":{"name":"ui"},"message":"downloading ui-v1.14.0.zip..."}}
[debug] [2025-07-02T13:01:33.807Z] >>> [apiv2][query] GET https://storage.googleapis.com/firebase-preview-drop/emulator/ui-v1.14.0.zip 
[debug] [2025-07-02T13:01:33.994Z] <<< [apiv2][status] GET https://storage.googleapis.com/firebase-preview-drop/emulator/ui-v1.14.0.zip 200
[debug] [2025-07-02T13:01:33.994Z] <<< [apiv2][body] GET https://storage.googleapis.com/firebase-preview-drop/emulator/ui-v1.14.0.zip [stream]
[debug] [2025-07-02T13:01:34.729Z] Data is 3615311
[debug] [2025-07-02T13:01:34.729Z] [unzip] Entry: client/ (compressed_size=0 bytes, uncompressed_size=0 bytes)
[debug] [2025-07-02T13:01:34.729Z] [unzip] Processing entry: client/
[debug] [2025-07-02T13:01:34.730Z] [unzip] mkdir: /home/user/.cache/firebase/emulators/ui-v1.14.0/client/
[debug] [2025-07-02T13:01:34.733Z] [unzip] Entry: client/favicon-16x16.png (compressed_size=293 bytes, uncompressed_size=293 bytes)
[debug] [2025-07-02T13:01:34.733Z] [unzip] Processing entry: client/favicon-16x16.png
[debug] [2025-07-02T13:01:34.733Z] [unzip] else mkdir: /home/user/.cache/firebase/emulators/ui-v1.14.0/client
[debug] [2025-07-02T13:01:34.738Z] [unzip] Writing file: /home/user/.cache/firebase/emulators/ui-v1.14.0/client/favicon-16x16.png
[debug] [2025-07-02T13:01:34.739Z] [unzip] Entry: client/safari-pinned-tab.svg (compressed_size=1433 bytes, uncompressed_size=2611 bytes)
[debug] [2025-07-02T13:01:34.739Z] [unzip] Processing entry: client/safari-pinned-tab.svg
[debug] [2025-07-02T13:01:34.739Z] [unzip] else mkdir: /home/user/.cache/firebase/emulators/ui-v1.14.0/client
[debug] [2025-07-02T13:01:34.739Z] [unzip] deflating: /home/user/.cache/firebase/emulators/ui-v1.14.0/client/safari-pinned-tab.svg
[debug] [2025-07-02T13:01:34.745Z] [unzip] Entry: client/favicon.ico (compressed_size=2933 bytes, uncompressed_size=13294 bytes)
[debug] [2025-07-02T13:01:34.745Z] [unzip] Processing entry: client/favicon.ico
[debug] [2025-07-02T13:01:34.745Z] [unzip] else mkdir: /home/user/.cache/firebase/emulators/ui-v1.14.0/client
[debug] [2025-07-02T13:01:34.745Z] [unzip] deflating: /home/user/.cache/firebase/emulators/ui-v1.14.0/client/favicon.ico
[debug] [2025-07-02T13:01:34.746Z] [unzip] Entry: client/index.html (compressed_size=1363 bytes, uncompressed_size=3071 bytes)
[debug] [2025-07-02T13:01:34.746Z] [unzip] Processing entry: client/index.html
[debug] [2025-07-02T13:01:34.746Z] [unzip] else mkdir: /home/user/.cache/firebase/emulators/ui-v1.14.0/client
[debug] [2025-07-02T13:01:34.747Z] [unzip] deflating: /home/user/.cache/firebase/emulators/ui-v1.14.0/client/index.html
[debug] [2025-07-02T13:01:34.748Z] [unzip] Entry: client/android-chrome-192x192.png (compressed_size=2684 bytes, uncompressed_size=2684 bytes)
[debug] [2025-07-02T13:01:34.748Z] [unzip] Processing entry: client/android-chrome-192x192.png
[debug] [2025-07-02T13:01:34.748Z] [unzip] else mkdir: /home/user/.cache/firebase/emulators/ui-v1.14.0/client
[debug] [2025-07-02T13:01:34.748Z] [unzip] Writing file: /home/user/.cache/firebase/emulators/ui-v1.14.0/client/android-chrome-192x192.png
[debug] [2025-07-02T13:01:34.748Z] [unzip] Entry: client/apple-touch-icon.png (compressed_size=2123 bytes, uncompressed_size=2152 bytes)
[debug] [2025-07-02T13:01:34.748Z] [unzip] Processing entry: client/apple-touch-icon.png
[debug] [2025-07-02T13:01:34.748Z] [unzip] else mkdir: /home/user/.cache/firebase/emulators/ui-v1.14.0/client
[debug] [2025-07-02T13:01:34.749Z] [unzip] deflating: /home/user/.cache/firebase/emulators/ui-v1.14.0/client/apple-touch-icon.png
[debug] [2025-07-02T13:01:34.749Z] [unzip] Entry: client/android-chrome-512x512.png (compressed_size=5369 bytes, uncompressed_size=5411 bytes)
[debug] [2025-07-02T13:01:34.750Z] [unzip] Processing entry: client/android-chrome-512x512.png
[debug] [2025-07-02T13:01:34.750Z] [unzip] else mkdir: /home/user/.cache/firebase/emulators/ui-v1.14.0/client
[debug] [2025-07-02T13:01:34.750Z] [unzip] deflating: /home/user/.cache/firebase/emulators/ui-v1.14.0/client/android-chrome-512x512.png
[debug] [2025-07-02T13:01:34.751Z] [unzip] Entry: client/manifest.json (compressed_size=245 bytes, uncompressed_size=551 bytes)
[debug] [2025-07-02T13:01:34.751Z] [unzip] Processing entry: client/manifest.json
[debug] [2025-07-02T13:01:34.751Z] [unzip] else mkdir: /home/user/.cache/firebase/emulators/ui-v1.14.0/client
[debug] [2025-07-02T13:01:34.751Z] [unzip] deflating: /home/user/.cache/firebase/emulators/ui-v1.14.0/client/manifest.json
[debug] [2025-07-02T13:01:34.752Z] [unzip] Entry: client/robots.txt (compressed_size=26 bytes, uncompressed_size=26 bytes)
[debug] [2025-07-02T13:01:34.752Z] [unzip] Processing entry: client/robots.txt
[debug] [2025-07-02T13:01:34.752Z] [unzip] else mkdir: /home/user/.cache/firebase/emulators/ui-v1.14.0/client
[debug] [2025-07-02T13:01:34.753Z] [unzip] Writing file: /home/user/.cache/firebase/emulators/ui-v1.14.0/client/robots.txt
[debug] [2025-07-02T13:01:34.753Z] [unzip] Entry: client/mstile-150x150.png (compressed_size=2034 bytes, uncompressed_size=2034 bytes)
[debug] [2025-07-02T13:01:34.753Z] [unzip] Processing entry: client/mstile-150x150.png
[debug] [2025-07-02T13:01:34.753Z] [unzip] else mkdir: /home/user/.cache/firebase/emulators/ui-v1.14.0/client
[debug] [2025-07-02T13:01:34.753Z] [unzip] Writing file: /home/user/.cache/firebase/emulators/ui-v1.14.0/client/mstile-150x150.png
[debug] [2025-07-02T13:01:34.754Z] [unzip] Entry: client/assets/ (compressed_size=0 bytes, uncompressed_size=0 bytes)
[debug] [2025-07-02T13:01:34.754Z] [unzip] Processing entry: client/assets/
[debug] [2025-07-02T13:01:34.754Z] [unzip] mkdir: /home/user/.cache/firebase/emulators/ui-v1.14.0/client/assets/
[debug] [2025-07-02T13:01:34.754Z] [unzip] Entry: client/assets/index-ClZTY_JS.js.map (compressed_size=2328270 bytes, uncompressed_size=9947004 bytes)
[debug] [2025-07-02T13:01:34.754Z] [unzip] Processing entry: client/assets/index-ClZTY_JS.js.map
[debug] [2025-07-02T13:01:34.754Z] [unzip] else mkdir: /home/user/.cache/firebase/emulators/ui-v1.14.0/client/assets
[debug] [2025-07-02T13:01:34.754Z] [unzip] deflating: /home/user/.cache/firebase/emulators/ui-v1.14.0/client/assets/index-ClZTY_JS.js.map
[debug] [2025-07-02T13:01:34.818Z] [unzip] Entry: client/assets/index-ClZTY_JS.js (compressed_size=567195 bytes, uncompressed_size=2035940 bytes)
[debug] [2025-07-02T13:01:34.818Z] [unzip] Processing entry: client/assets/index-ClZTY_JS.js
[debug] [2025-07-02T13:01:34.818Z] [unzip] else mkdir: /home/user/.cache/firebase/emulators/ui-v1.14.0/client/assets
[debug] [2025-07-02T13:01:34.818Z] [unzip] deflating: /home/user/.cache/firebase/emulators/ui-v1.14.0/client/assets/index-ClZTY_JS.js
[debug] [2025-07-02T13:01:34.835Z] [unzip] Entry: client/assets/index-BdgySamB.css (compressed_size=35979 bytes, uncompressed_size=298654 bytes)
[debug] [2025-07-02T13:01:34.835Z] [unzip] Processing entry: client/assets/index-BdgySamB.css
[debug] [2025-07-02T13:01:34.835Z] [unzip] else mkdir: /home/user/.cache/firebase/emulators/ui-v1.14.0/client/assets
[debug] [2025-07-02T13:01:34.835Z] [unzip] deflating: /home/user/.cache/firebase/emulators/ui-v1.14.0/client/assets/index-BdgySamB.css
[debug] [2025-07-02T13:01:34.838Z] [unzip] Entry: client/assets/extensions/ (compressed_size=0 bytes, uncompressed_size=0 bytes)
[debug] [2025-07-02T13:01:34.838Z] [unzip] Processing entry: client/assets/extensions/
[debug] [2025-07-02T13:01:34.838Z] [unzip] mkdir: /home/user/.cache/firebase/emulators/ui-v1.14.0/client/assets/extensions/
[debug] [2025-07-02T13:01:34.838Z] [unzip] Entry: client/assets/extensions/default-extension.png (compressed_size=1646 bytes, uncompressed_size=1657 bytes)
[debug] [2025-07-02T13:01:34.838Z] [unzip] Processing entry: client/assets/extensions/default-extension.png
[debug] [2025-07-02T13:01:34.838Z] [unzip] else mkdir: /home/user/.cache/firebase/emulators/ui-v1.14.0/client/assets/extensions
[debug] [2025-07-02T13:01:34.839Z] [unzip] deflating: /home/user/.cache/firebase/emulators/ui-v1.14.0/client/assets/extensions/default-extension.png
[debug] [2025-07-02T13:01:34.840Z] [unzip] Entry: client/assets/img/ (compressed_size=0 bytes, uncompressed_size=0 bytes)
[debug] [2025-07-02T13:01:34.840Z] [unzip] Processing entry: client/assets/img/
[debug] [2025-07-02T13:01:34.840Z] [unzip] mkdir: /home/user/.cache/firebase/emulators/ui-v1.14.0/client/assets/img/
[debug] [2025-07-02T13:01:34.840Z] [unzip] Entry: client/assets/img/database.png (compressed_size=29449 bytes, uncompressed_size=29988 bytes)
[debug] [2025-07-02T13:01:34.840Z] [unzip] Processing entry: client/assets/img/database.png
[debug] [2025-07-02T13:01:34.840Z] [unzip] else mkdir: /home/user/.cache/firebase/emulators/ui-v1.14.0/client/assets/img
[debug] [2025-07-02T13:01:34.840Z] [unzip] deflating: /home/user/.cache/firebase/emulators/ui-v1.14.0/client/assets/img/database.png
[debug] [2025-07-02T13:01:34.841Z] [unzip] Entry: client/assets/provider-icons/ (compressed_size=0 bytes, uncompressed_size=0 bytes)
[debug] [2025-07-02T13:01:34.841Z] [unzip] Processing entry: client/assets/provider-icons/
[debug] [2025-07-02T13:01:34.841Z] [unzip] mkdir: /home/user/.cache/firebase/emulators/ui-v1.14.0/client/assets/provider-icons/
[debug] [2025-07-02T13:01:34.842Z] [unzip] Entry: client/assets/provider-icons/auth_service_saml.svg (compressed_size=575 bytes, uncompressed_size=1226 bytes)
[debug] [2025-07-02T13:01:34.842Z] [unzip] Processing entry: client/assets/provider-icons/auth_service_saml.svg
[debug] [2025-07-02T13:01:34.842Z] [unzip] else mkdir: /home/user/.cache/firebase/emulators/ui-v1.14.0/client/assets/provider-icons
[debug] [2025-07-02T13:01:34.842Z] [unzip] deflating: /home/user/.cache/firebase/emulators/ui-v1.14.0/client/assets/provider-icons/auth_service_saml.svg
[debug] [2025-07-02T13:01:34.843Z] [unzip] Entry: client/assets/provider-icons/auth_service_phone.svg (compressed_size=261 bytes, uncompressed_size=414 bytes)
[debug] [2025-07-02T13:01:34.843Z] [unzip] Processing entry: client/assets/provider-icons/auth_service_phone.svg
[debug] [2025-07-02T13:01:34.843Z] [unzip] else mkdir: /home/user/.cache/firebase/emulators/ui-v1.14.0/client/assets/provider-icons
[debug] [2025-07-02T13:01:34.843Z] [unzip] deflating: /home/user/.cache/firebase/emulators/ui-v1.14.0/client/assets/provider-icons/auth_service_phone.svg
[debug] [2025-07-02T13:01:34.844Z] [unzip] Entry: client/assets/provider-icons/auth_service_facebook.svg (compressed_size=289 bytes, uncompressed_size=457 bytes)
[debug] [2025-07-02T13:01:34.844Z] [unzip] Processing entry: client/assets/provider-icons/auth_service_facebook.svg
[debug] [2025-07-02T13:01:34.844Z] [unzip] else mkdir: /home/user/.cache/firebase/emulators/ui-v1.14.0/client/assets/provider-icons
[debug] [2025-07-02T13:01:34.844Z] [unzip] deflating: /home/user/.cache/firebase/emulators/ui-v1.14.0/client/assets/provider-icons/auth_service_facebook.svg
[debug] [2025-07-02T13:01:34.845Z] [unzip] Entry: client/assets/provider-icons/auth_service_game_center.svg (compressed_size=991 bytes, uncompressed_size=3921 bytes)
[debug] [2025-07-02T13:01:34.845Z] [unzip] Processing entry: client/assets/provider-icons/auth_service_game_center.svg
[debug] [2025-07-02T13:01:34.845Z] [unzip] else mkdir: /home/user/.cache/firebase/emulators/ui-v1.14.0/client/assets/provider-icons
[debug] [2025-07-02T13:01:34.845Z] [unzip] deflating: /home/user/.cache/firebase/emulators/ui-v1.14.0/client/assets/provider-icons/auth_service_game_center.svg
[debug] [2025-07-02T13:01:34.846Z] [unzip] Entry: client/assets/provider-icons/auth_service_apple.svg (compressed_size=230 bytes, uncompressed_size=334 bytes)
[debug] [2025-07-02T13:01:34.846Z] [unzip] Processing entry: client/assets/provider-icons/auth_service_apple.svg
[debug] [2025-07-02T13:01:34.846Z] [unzip] else mkdir: /home/user/.cache/firebase/emulators/ui-v1.14.0/client/assets/provider-icons
[debug] [2025-07-02T13:01:34.846Z] [unzip] deflating: /home/user/.cache/firebase/emulators/ui-v1.14.0/client/assets/provider-icons/auth_service_apple.svg
[debug] [2025-07-02T13:01:34.847Z] [unzip] Entry: client/assets/provider-icons/auth_service_github.svg (compressed_size=466 bytes, uncompressed_size=838 bytes)
[debug] [2025-07-02T13:01:34.847Z] [unzip] Processing entry: client/assets/provider-icons/auth_service_github.svg
[debug] [2025-07-02T13:01:34.847Z] [unzip] else mkdir: /home/user/.cache/firebase/emulators/ui-v1.14.0/client/assets/provider-icons
[debug] [2025-07-02T13:01:34.847Z] [unzip] deflating: /home/user/.cache/firebase/emulators/ui-v1.14.0/client/assets/provider-icons/auth_service_github.svg
[debug] [2025-07-02T13:01:34.848Z] [unzip] Entry: client/assets/provider-icons/auth_service_mslive.svg (compressed_size=203 bytes, uncompressed_size=378 bytes)
[debug] [2025-07-02T13:01:34.848Z] [unzip] Processing entry: client/assets/provider-icons/auth_service_mslive.svg
[debug] [2025-07-02T13:01:34.848Z] [unzip] else mkdir: /home/user/.cache/firebase/emulators/ui-v1.14.0/client/assets/provider-icons
[debug] [2025-07-02T13:01:34.848Z] [unzip] deflating: /home/user/.cache/firebase/emulators/ui-v1.14.0/client/assets/provider-icons/auth_service_mslive.svg
[debug] [2025-07-02T13:01:34.849Z] [unzip] Entry: client/assets/provider-icons/auth_service_yahoo.svg (compressed_size=577 bytes, uncompressed_size=1182 bytes)
[debug] [2025-07-02T13:01:34.850Z] [unzip] Processing entry: client/assets/provider-icons/auth_service_yahoo.svg
[debug] [2025-07-02T13:01:34.850Z] [unzip] else mkdir: /home/user/.cache/firebase/emulators/ui-v1.14.0/client/assets/provider-icons
[debug] [2025-07-02T13:01:34.850Z] [unzip] deflating: /home/user/.cache/firebase/emulators/ui-v1.14.0/client/assets/provider-icons/auth_service_yahoo.svg
[debug] [2025-07-02T13:01:34.851Z] [unzip] Entry: client/assets/provider-icons/auth_service_twitter.svg (compressed_size=444 bytes, uncompressed_size=751 bytes)
[debug] [2025-07-02T13:01:34.851Z] [unzip] Processing entry: client/assets/provider-icons/auth_service_twitter.svg
[debug] [2025-07-02T13:01:34.851Z] [unzip] else mkdir: /home/user/.cache/firebase/emulators/ui-v1.14.0/client/assets/provider-icons
[debug] [2025-07-02T13:01:34.851Z] [unzip] deflating: /home/user/.cache/firebase/emulators/ui-v1.14.0/client/assets/provider-icons/auth_service_twitter.svg
[debug] [2025-07-02T13:01:34.852Z] [unzip] Entry: client/assets/provider-icons/auth_service_play_games.svg (compressed_size=565 bytes, uncompressed_size=1173 bytes)
[debug] [2025-07-02T13:01:34.852Z] [unzip] Processing entry: client/assets/provider-icons/auth_service_play_games.svg
[debug] [2025-07-02T13:01:34.852Z] [unzip] else mkdir: /home/user/.cache/firebase/emulators/ui-v1.14.0/client/assets/provider-icons
[debug] [2025-07-02T13:01:34.852Z] [unzip] deflating: /home/user/.cache/firebase/emulators/ui-v1.14.0/client/assets/provider-icons/auth_service_play_games.svg
[debug] [2025-07-02T13:01:34.853Z] [unzip] Entry: client/assets/provider-icons/auth_service_email.svg (compressed_size=228 bytes, uncompressed_size=326 bytes)
[debug] [2025-07-02T13:01:34.853Z] [unzip] Processing entry: client/assets/provider-icons/auth_service_email.svg
[debug] [2025-07-02T13:01:34.853Z] [unzip] else mkdir: /home/user/.cache/firebase/emulators/ui-v1.14.0/client/assets/provider-icons
[debug] [2025-07-02T13:01:34.853Z] [unzip] deflating: /home/user/.cache/firebase/emulators/ui-v1.14.0/client/assets/provider-icons/auth_service_email.svg
[debug] [2025-07-02T13:01:34.854Z] [unzip] Entry: client/assets/provider-icons/auth_service_google.svg (compressed_size=409 bytes, uncompressed_size=720 bytes)
[debug] [2025-07-02T13:01:34.854Z] [unzip] Processing entry: client/assets/provider-icons/auth_service_google.svg
[debug] [2025-07-02T13:01:34.854Z] [unzip] else mkdir: /home/user/.cache/firebase/emulators/ui-v1.14.0/client/assets/provider-icons
[debug] [2025-07-02T13:01:34.854Z] [unzip] deflating: /home/user/.cache/firebase/emulators/ui-v1.14.0/client/assets/provider-icons/auth_service_google.svg
[debug] [2025-07-02T13:01:34.855Z] [unzip] Entry: client/assets/provider-icons/auth_service_oidc.svg (compressed_size=414 bytes, uncompressed_size=858 bytes)
[debug] [2025-07-02T13:01:34.855Z] [unzip] Processing entry: client/assets/provider-icons/auth_service_oidc.svg
[debug] [2025-07-02T13:01:34.855Z] [unzip] else mkdir: /home/user/.cache/firebase/emulators/ui-v1.14.0/client/assets/provider-icons
[debug] [2025-07-02T13:01:34.855Z] [unzip] deflating: /home/user/.cache/firebase/emulators/ui-v1.14.0/client/assets/provider-icons/auth_service_oidc.svg
[debug] [2025-07-02T13:01:34.855Z] [unzip] Entry: client/browserconfig.xml (compressed_size=491 bytes, uncompressed_size=822 bytes)
[debug] [2025-07-02T13:01:34.855Z] [unzip] Processing entry: client/browserconfig.xml
[debug] [2025-07-02T13:01:34.856Z] [unzip] else mkdir: /home/user/.cache/firebase/emulators/ui-v1.14.0/client
[debug] [2025-07-02T13:01:34.856Z] [unzip] deflating: /home/user/.cache/firebase/emulators/ui-v1.14.0/client/browserconfig.xml
[debug] [2025-07-02T13:01:34.856Z] [unzip] Entry: client/favicon-32x32.png (compressed_size=475 bytes, uncompressed_size=475 bytes)
[debug] [2025-07-02T13:01:34.857Z] [unzip] Processing entry: client/favicon-32x32.png
[debug] [2025-07-02T13:01:34.857Z] [unzip] else mkdir: /home/user/.cache/firebase/emulators/ui-v1.14.0/client
[debug] [2025-07-02T13:01:34.857Z] [unzip] Writing file: /home/user/.cache/firebase/emulators/ui-v1.14.0/client/favicon-32x32.png
[debug] [2025-07-02T13:01:34.857Z] [unzip] Entry: server/ (compressed_size=0 bytes, uncompressed_size=0 bytes)
[debug] [2025-07-02T13:01:34.857Z] [unzip] Processing entry: server/
[debug] [2025-07-02T13:01:34.857Z] [unzip] mkdir: /home/user/.cache/firebase/emulators/ui-v1.14.0/server/
[debug] [2025-07-02T13:01:34.857Z] [unzip] Entry: server/server.mjs.map (compressed_size=296496 bytes, uncompressed_size=1355667 bytes)
[debug] [2025-07-02T13:01:34.858Z] [unzip] Processing entry: server/server.mjs.map
[debug] [2025-07-02T13:01:34.858Z] [unzip] else mkdir: /home/user/.cache/firebase/emulators/ui-v1.14.0/server
[debug] [2025-07-02T13:01:34.858Z] [unzip] deflating: /home/user/.cache/firebase/emulators/ui-v1.14.0/server/server.mjs.map
[debug] [2025-07-02T13:01:34.868Z] [unzip] Entry: server/server.mjs (compressed_size=315701 bytes, uncompressed_size=1172682 bytes)
[debug] [2025-07-02T13:01:34.868Z] [unzip] Processing entry: server/server.mjs
[debug] [2025-07-02T13:01:34.868Z] [unzip] else mkdir: /home/user/.cache/firebase/emulators/ui-v1.14.0/server
[debug] [2025-07-02T13:01:34.868Z] [unzip] deflating: /home/user/.cache/firebase/emulators/ui-v1.14.0/server/server.mjs
[debug] [2025-07-02T13:01:34.876Z] [unzip] Entry: server/assets/ (compressed_size=0 bytes, uncompressed_size=0 bytes)
[debug] [2025-07-02T13:01:34.877Z] [unzip] Processing entry: server/assets/
[debug] [2025-07-02T13:01:34.877Z] [unzip] mkdir: /home/user/.cache/firebase/emulators/ui-v1.14.0/server/assets/
[debug] [2025-07-02T13:01:34.877Z] [unzip] Entry: server/assets/multipart-parser-DGCUZdXu.mjs.map (compressed_size=4791 bytes, uncompressed_size=17918 bytes)
[debug] [2025-07-02T13:01:34.877Z] [unzip] Processing entry: server/assets/multipart-parser-DGCUZdXu.mjs.map
[debug] [2025-07-02T13:01:34.877Z] [unzip] else mkdir: /home/user/.cache/firebase/emulators/ui-v1.14.0/server/assets
[debug] [2025-07-02T13:01:34.877Z] [unzip] deflating: /home/user/.cache/firebase/emulators/ui-v1.14.0/server/assets/multipart-parser-DGCUZdXu.mjs.map
[debug] [2025-07-02T13:01:34.879Z] [unzip] Entry: server/assets/multipart-parser-DGCUZdXu.mjs (compressed_size=2621 bytes, uncompressed_size=10390 bytes)
[debug] [2025-07-02T13:01:34.879Z] [unzip] Processing entry: server/assets/multipart-parser-DGCUZdXu.mjs
[debug] [2025-07-02T13:01:34.879Z] [unzip] else mkdir: /home/user/.cache/firebase/emulators/ui-v1.14.0/server/assets
[debug] [2025-07-02T13:01:34.879Z] [unzip] deflating: /home/user/.cache/firebase/emulators/ui-v1.14.0/server/assets/multipart-parser-DGCUZdXu.mjs
[debug] [2025-07-02T13:01:34.882Z] [Extensions] Connecting Extensions emulator, this is a noop.
[info] i  functions: Watching "/home/user/myapp/functions" for Cloud Functions... {"metadata":{"emulator":{"name":"functions"},"message":"Watching \"/home/user/myapp/functions\" for Cloud Functions..."}}
[debug] [2025-07-02T13:01:34.890Z] Validating nodejs source
[debug] [2025-07-02T13:01:35.622Z] > [functions] package.json contents: {
  "name": "functions",
  "description": "Cloud Functions for Firebase",
  "scripts": {
    "serve": "firebase emulators:start --only functions",
    "shell": "firebase functions:shell",
    "start": "npm run shell",
    "deploy": "firebase deploy --only functions",
    "logs": "firebase functions:log"
  },
  "engines": {
    "node": "22"
  },
  "main": "index.js",
  "dependencies": {
    "firebase-admin": "^12.6.0",
    "firebase-functions": "^6.3.2"
  },
  "devDependencies": {
    "firebase-functions-test": "^3.1.0"
  },
  "private": true
}
[debug] [2025-07-02T13:01:35.622Z] Building nodejs source
[debug] [2025-07-02T13:01:35.623Z] Failed to find version of module node: reached end of search path /home/user/myapp/functions/node_modules
[warn] ⚠  functions: Your requested "node" version "22" doesn't match your global version "20". Using node@20 from host. 
[debug] [2025-07-02T13:01:35.625Z] Could not find functions.yaml. Must use http discovery
[debug] [2025-07-02T13:01:35.628Z] Found firebase-functions binary at '/home/user/myapp/functions/node_modules/.bin/firebase-functions'
[debug] [2025-07-02T13:01:35.946Z] Functions emulator received unknown request at path /
[debug] [2025-07-02T13:01:36.497Z] Eventarc emulator received unknown request at path / {"metadata":{"emulator":{"name":"eventarc"},"message":"Eventarc emulator received unknown request at path /"}}
[info] Serving at port 8400

[debug] [2025-07-02T13:01:38.322Z] Got response from /__/functions.yaml {"endpoints":{"sendNotificationOnCreate":{"availableMemoryMb":256,"timeoutSeconds":60,"minInstances":null,"maxInstances":null,"ingressSettings":null,"concurrency":null,"serviceAccountEmail":null,"vpc":null,"platform":"gcfv2","region":["europe-west3"],"labels":{},"eventTrigger":{"eventType":"google.cloud.firestore.document.v1.created","eventFilters":{"database":"(default)","namespace":"(default)"},"eventFilterPathPatterns":{"document":"{collection}/{documentId}"},"retry":false},"entryPoint":"sendNotificationOnCreate"},"sendManualNotification":{"availableMemoryMb":256,"timeoutSeconds":60,"minInstances":null,"maxInstances":null,"ingressSettings":null,"concurrency":null,"serviceAccountEmail":null,"vpc":null,"platform":"gcfv2","region":["europe-west3"],"labels":{},"callableTrigger":{},"entryPoint":"sendManualNotification"},"sendBirthdayNotifications":{"availableMemoryMb":null,"timeoutSeconds":null,"minInstances":null,"maxInstances":null,"ingressSettings":null,"concurrency":null,"serviceAccountEmail":null,"vpc":null,"platform":"gcfv2","region":["europe-west3"],"labels":{},"scheduleTrigger":{"schedule":"every day 09:00","retryConfig":{},"timeZone":"Europe/Warsaw"},"entryPoint":"sendBirthdayNotifications"},"updateBirthdayWallTimestamp":{"availableMemoryMb":null,"timeoutSeconds":null,"minInstances":null,"maxInstances":null,"ingressSettings":null,"concurrency":null,"serviceAccountEmail":null,"vpc":null,"platform":"gcfv2","region":["europe-west3"],"labels":{},"eventTrigger":{"eventType":"google.cloud.firestore.document.v1.created","eventFilters":{"database":"(default)","namespace":"(default)"},"eventFilterPathPatterns":{"document":"birthdayWishes/{userId}/wishes/{wishId}"},"retry":false},"entryPoint":"updateBirthdayWallTimestamp"},"cleanupOldWishes":{"availableMemoryMb":null,"timeoutSeconds":null,"minInstances":null,"maxInstances":null,"ingressSettings":null,"concurrency":null,"serviceAccountEmail":null,"vpc":null,"platform":"gcfv2","region":["europe-west3"],"labels":{},"scheduleTrigger":{"schedule":"every day 03:00","retryConfig":{},"timeZone":"Europe/Warsaw"},"entryPoint":"cleanupOldWishes"}},"specVersion":"v1alpha1","requiredAPIs":[{"api":"cloudscheduler.googleapis.com","reason":"Needed for scheduled functions."}],"extensions":{}}
[warn] ⚠  functions: Application Default Credentials detected. Non-emulated services will access production using these credentials. Be careful! {"metadata":{"emulator":{"name":"functions"},"message":"Application Default Credentials detected. Non-emulated services will access production using these credentials. Be careful!"}}
[info] ✔  functions: Loaded functions definitions from source: sendNotificationOnCreate, sendManualNotification, sendBirthdayNotifications, updateBirthdayWallTimestamp, cleanupOldWishes. {"metadata":{"emulator":{"name":"functions"},"message":"Loaded functions definitions from source: sendNotificationOnCreate, sendManualNotification, sendBirthdayNotifications, updateBirthdayWallTimestamp, cleanupOldWishes."}}
[info] i  functions[europe-west3-sendNotificationOnCreate]: function ignored because the firestore emulator does not exist or is not running. {"metadata":{"emulator":{"name":"functions"},"message":"function ignored because the firestore emulator does not exist or is not running."}}
[info] ✔  functions[europe-west3-sendManualNotification]: http function initialized (http://127.0.0.1:5001/jafaapp-84a1d/europe-west3/sendManualNotification). {"metadata":{"emulator":{"name":"functions"},"message":"\u001b[1mhttp\u001b[22m function initialized (http://127.0.0.1:5001/jafaapp-84a1d/europe-west3/sendManualNotification)."}}
[info] i  functions[europe-west3-sendBirthdayNotifications]: function ignored because the pubsub emulator does not exist or is not running. {"metadata":{"emulator":{"name":"functions"},"message":"function ignored because the pubsub emulator does not exist or is not running."}}
[info] i  functions[europe-west3-updateBirthdayWallTimestamp]: function ignored because the firestore emulator does not exist or is not running. {"metadata":{"emulator":{"name":"functions"},"message":"function ignored because the firestore emulator does not exist or is not running."}}
[info] i  functions[europe-west3-cleanupOldWishes]: function ignored because the pubsub emulator does not exist or is not running. {"metadata":{"emulator":{"name":"functions"},"message":"function ignored because the pubsub emulator does not exist or is not running."}}
[debug] [2025-07-02T13:01:42.362Z] Could not find VSCode notification endpoint: FetchError: request to http://localhost:40001/vscode/notify failed, reason: connect ECONNREFUSED 127.0.0.1:40001. If you are not running the Firebase Data Connect VSCode extension, this is expected and not an issue.
[info] 
┌─────────────────────────────────────────────────────────────┐
│ ✔  All emulators ready! It is now safe to connect your app. │
│ i  View Emulator UI at http://127.0.0.1:4000/               │
└─────────────────────────────────────────────────────────────┘

┌────────────┬────────────────┬──────────────────────────────────┐
│ Emulator   │ Host:Port      │ View in Emulator UI              │
├────────────┼────────────────┼──────────────────────────────────┤
│ Functions  │ 127.0.0.1:5001 │ http://127.0.0.1:4000/functions  │
├────────────┼────────────────┼──────────────────────────────────┤
│ Extensions │ 127.0.0.1:5001 │ http://127.0.0.1:4000/extensions │
└────────────┴────────────────┴──────────────────────────────────┘
  Emulator Hub host: 127.0.0.1 port: 4400
  Other reserved ports: 4500
┌─────────────────────────┬───────────────┬─────────────────────┐
│ Extension Instance Name │ Extension Ref │ View in Emulator UI │
└─────────────────────────┴───────────────┴─────────────────────┘
Issues? Report them at https://github.com/firebase/firebase-tools/issues and attach the *-debug.log files.
 
[debug] [2025-07-02T13:18:58.221Z] Eventarc emulator received unknown request at path / {"metadata":{"emulator":{"name":"eventarc"},"message":"Eventarc emulator received unknown request at path /"}}
[debug] [2025-07-02T13:18:58.748Z] Functions emulator received unknown request at path /
[debug] [2025-07-02T13:25:02.620Z] Eventarc emulator received unknown request at path / {"metadata":{"emulator":{"name":"eventarc"},"message":"Eventarc emulator received unknown request at path /"}}
[debug] [2025-07-02T13:25:02.649Z] Functions emulator received unknown request at path /
